<?xml version="1.0" encoding="UTF-8"?>
<!-- Generated by org.testng.reporters.JUnitReportReporter -->
<testsuite hostname="Macbooks-MacBook-Air.local" failures="0" tests="2" name="ge.automation.tests.LoginTest" time="23.328" errors="0" timestamp="2025-02-10T13:40:03 GMT+04:00" skipped="0">
  <testcase classname="ge.automation.tests.LoginTest" name="testValidLogin" time="11.402"/>
  <testcase classname="ge.automation.tests.LoginTest" name="testLoginButtonTextColor" time="11.926"/>
</testsuite> <!-- ge.automation.tests.LoginTest -->
